0 info it worked if it ends with ok
1 verbose cli [ '/usr/local/bin/node',
1 verbose cli   '/usr/local/bin/npm',
1 verbose cli   'uninstall',
1 verbose cli   '-g',
1 verbose cli   'angular-cli' ]
2 info using npm@3.10.10
3 info using node@v7.2.1
4 silly loadCurrentTree Starting
5 silly install loadCurrentTree
6 silly install readGlobalPackageData
7 silly install normalizeTree
8 silly loadCurrentTree Finishing
9 silly loadIdealTree Starting
10 silly install loadIdealTree
11 silly cloneCurrentTree Starting
12 silly install cloneCurrentTreeToIdealTree
13 silly cloneCurrentTree Finishing
14 silly loadShrinkwrap Starting
15 silly install loadShrinkwrap
16 silly loadShrinkwrap Finishing
17 silly loadAllDepsIntoIdealTree Starting
18 silly uninstall loadAllDepsIntoIdealtree
19 silly loadAllDepsIntoIdealTree Finishing
20 silly loadIdealTree Finishing
21 silly currentTree lib
22 silly idealTree lib
23 silly generateActionsToTake Starting
24 silly install generateActionsToTake
25 silly generateActionsToTake Finishing
26 silly diffTrees action count 0
27 silly decomposeActions action count 0
28 silly runTopLevelLifecycles Starting
29 silly executeActions Starting
30 silly install executeActions
31 silly doSerial global-install 0
32 silly doParallel fetch 0
33 verbose correctMkdir /Users/Bogensberger/.npm/_locks correctMkdir not in flight; initializing
34 verbose makeDirectory /Users/Bogensberger/.npm/_locks creation not in flight; initializing
35 silly makeDirectory /Users/Bogensberger/.npm/_locks uid: 501 gid: 20
36 verbose lock using /Users/Bogensberger/.npm/_locks/staging-3a08f0df5026584d.lock for /usr/local/lib/node_modules/.staging
37 verbose unlock done using /Users/Bogensberger/.npm/_locks/staging-3a08f0df5026584d.lock for /usr/local/lib/node_modules/.staging
38 silly rollbackFailedOptional Starting
39 silly rollbackFailedOptional Finishing
40 silly runTopLevelLifecycles Finishing
41 silly install printInstalled
42 verbose stack Error: EACCES: permission denied, mkdir '/usr/local/lib/node_modules/.staging'
43 verbose cwd /Users/Bogensberger/Desktop/exogig
44 error Darwin 16.4.0
45 error argv "/usr/local/bin/node" "/usr/local/bin/npm" "uninstall" "-g" "angular-cli"
46 error node v7.2.1
47 error npm  v3.10.10
48 error path /usr/local/lib/node_modules/.staging
49 error code EACCES
50 error errno -13
51 error syscall mkdir
52 error Error: EACCES: permission denied, mkdir '/usr/local/lib/node_modules/.staging'
52 error  { Error: EACCES: permission denied, mkdir '/usr/local/lib/node_modules/.staging'
52 error   errno: -13,
52 error   code: 'EACCES',
52 error   syscall: 'mkdir',
52 error   path: '/usr/local/lib/node_modules/.staging' }
53 error Please try running this command again as root/Administrator.
54 verbose exit [ -13, true ]
